<?xml version="1.0" encoding="UTF-8"?>
<!-- Generated by org.testng.reporters.JUnitXMLReporter -->
<testsuite ignored="0" hostname="AP-HYB-jLc1JClc" failures="0" tests="8" name="Default test" time="22.228" errors="0" timestamp="2025-09-19T20:00:32 IST">
  <testcase classname="testcases.accountApiTest.FavoritesTest" name="testFavorites" time="1.106"/>
  <testcase classname="testcases.accountApiTest.FavoritesTest" name="testFavorites" time="0.911"/>
  <testcase classname="testcases.accountApiTest.FavoritesTest" name="testFavorites" time="1.02"/>
  <testcase classname="testcases.accountApiTest.FavoritesTest" name="testFavorites" time="0.971"/>
  <testcase classname="testcases.accountApiTest.FavoritesTest" name="testFavorites" time="1.318"/>
  <testcase classname="testcases.accountApiTest.FavoritesTest" name="testFavorites" time="0.999"/>
  <testcase classname="testcases.accountApiTest.FavoritesTest" name="testFavorites" time="1.0"/>
  <testcase classname="testcases.accountApiTest.FavoritesTest" name="testFavorites" time="0.995"/>
</testsuite> <!-- Default test -->
