<?xml version="1.0" encoding="UTF-8"?>
<testng-results ignored="0" total="1" passed="1" failed="0" skipped="0">
  <reporter-output>
  </reporter-output>
  <suite started-at="2025-07-07T18:54:43 IST" name="Default suite" finished-at="2025-07-07T18:54:45 IST" duration-ms="1809">
    <groups>
    </groups>
    <test started-at="2025-07-07T18:54:43 IST" name="Default test" finished-at="2025-07-07T18:54:45 IST" duration-ms="1809">
      <class name="testcases.accountApiTest.AuthFlowTest">
        <test-method signature="login()[pri:0, instance:testcases.accountApiTest.AuthFlowTest@43b6123e]" started-at="2025-07-07T18:54:43 IST" name="login" finished-at="2025-07-07T18:54:45 IST" duration-ms="1779" status="PASS">
          <reporter-output>
          </reporter-output>
        </test-method> <!-- login -->
      </class> <!-- testcases.accountApiTest.AuthFlowTest -->
    </test> <!-- Default test -->
  </suite> <!-- Default suite -->
</testng-results>
