<?xml version="1.0" encoding="UTF-8"?>
<testng-results ignored="0" total="8" passed="8" failed="0" skipped="0">
  <reporter-output>
  </reporter-output>
  <suite started-at="2025-09-19T20:00:10 IST" name="Default suite" finished-at="2025-09-19T20:00:32 IST" duration-ms="22228">
    <groups>
    </groups>
    <test started-at="2025-09-19T20:00:10 IST" name="Default test" finished-at="2025-09-19T20:00:32 IST" duration-ms="22228">
      <class name="testcases.accountApiTest.FavoritesTest">
        <test-method is-config="true" signature="setup()[pri:0, instance:testcases.accountApiTest.FavoritesTest@fd0e5b6]" started-at="2025-09-19T20:00:10 IST" name="setup" finished-at="2025-09-19T20:00:22 IST" duration-ms="11224" status="PASS">
          <reporter-output>
          </reporter-output>
        </test-method> <!-- setup -->
        <test-method signature="testFavorites(java.lang.String,int,boolean)[pri:0, instance:testcases.accountApiTest.FavoritesTest@fd0e5b6]" started-at="2025-09-19T20:00:23 IST" name="testFavorites" data-provider="favoriteMovies" finished-at="2025-09-19T20:00:24 IST" duration-ms="1106" status="PASS">
          <params>
            <param index="0">
              <value>
                <![CDATA[movie]]>
              </value>
            </param>
            <param index="1">
              <value>
                <![CDATA[496243]]>
              </value>
            </param>
            <param index="2">
              <value>
                <![CDATA[false]]>
              </value>
            </param>
          </params>
          <reporter-output>
          </reporter-output>
        </test-method> <!-- testFavorites -->
        <test-method signature="testFavorites(java.lang.String,int,boolean)[pri:0, instance:testcases.accountApiTest.FavoritesTest@fd0e5b6]" started-at="2025-09-19T20:00:24 IST" name="testFavorites" data-provider="favoriteMovies" finished-at="2025-09-19T20:00:25 IST" duration-ms="911" status="PASS">
          <params>
            <param index="0">
              <value>
                <![CDATA[movie]]>
              </value>
            </param>
            <param index="1">
              <value>
                <![CDATA[278]]>
              </value>
            </param>
            <param index="2">
              <value>
                <![CDATA[false]]>
              </value>
            </param>
          </params>
          <reporter-output>
          </reporter-output>
        </test-method> <!-- testFavorites -->
        <test-method signature="testFavorites(java.lang.String,int,boolean)[pri:0, instance:testcases.accountApiTest.FavoritesTest@fd0e5b6]" started-at="2025-09-19T20:00:25 IST" name="testFavorites" data-provider="favoriteMovies" finished-at="2025-09-19T20:00:26 IST" duration-ms="1020" status="PASS">
          <params>
            <param index="0">
              <value>
                <![CDATA[tv]]>
              </value>
            </param>
            <param index="1">
              <value>
                <![CDATA[1396]]>
              </value>
            </param>
            <param index="2">
              <value>
                <![CDATA[false]]>
              </value>
            </param>
          </params>
          <reporter-output>
          </reporter-output>
        </test-method> <!-- testFavorites -->
        <test-method signature="testFavorites(java.lang.String,int,boolean)[pri:0, instance:testcases.accountApiTest.FavoritesTest@fd0e5b6]" started-at="2025-09-19T20:00:26 IST" name="testFavorites" data-provider="favoriteMovies" finished-at="2025-09-19T20:00:27 IST" duration-ms="971" status="PASS">
          <params>
            <param index="0">
              <value>
                <![CDATA[tv]]>
              </value>
            </param>
            <param index="1">
              <value>
                <![CDATA[1429]]>
              </value>
            </param>
            <param index="2">
              <value>
                <![CDATA[false]]>
              </value>
            </param>
          </params>
          <reporter-output>
          </reporter-output>
        </test-method> <!-- testFavorites -->
        <test-method signature="testFavorites(java.lang.String,int,boolean)[pri:0, instance:testcases.accountApiTest.FavoritesTest@fd0e5b6]" started-at="2025-09-19T20:00:27 IST" name="testFavorites" data-provider="favoriteMovies" finished-at="2025-09-19T20:00:28 IST" duration-ms="1318" status="PASS">
          <params>
            <param index="0">
              <value>
                <![CDATA[movie]]>
              </value>
            </param>
            <param index="1">
              <value>
                <![CDATA[496243]]>
              </value>
            </param>
            <param index="2">
              <value>
                <![CDATA[true]]>
              </value>
            </param>
          </params>
          <reporter-output>
          </reporter-output>
        </test-method> <!-- testFavorites -->
        <test-method signature="testFavorites(java.lang.String,int,boolean)[pri:0, instance:testcases.accountApiTest.FavoritesTest@fd0e5b6]" started-at="2025-09-19T20:00:28 IST" name="testFavorites" data-provider="favoriteMovies" finished-at="2025-09-19T20:00:29 IST" duration-ms="999" status="PASS">
          <params>
            <param index="0">
              <value>
                <![CDATA[movie]]>
              </value>
            </param>
            <param index="1">
              <value>
                <![CDATA[278]]>
              </value>
            </param>
            <param index="2">
              <value>
                <![CDATA[true]]>
              </value>
            </param>
          </params>
          <reporter-output>
          </reporter-output>
        </test-method> <!-- testFavorites -->
        <test-method signature="testFavorites(java.lang.String,int,boolean)[pri:0, instance:testcases.accountApiTest.FavoritesTest@fd0e5b6]" started-at="2025-09-19T20:00:29 IST" name="testFavorites" data-provider="favoriteMovies" finished-at="2025-09-19T20:00:30 IST" duration-ms="1000" status="PASS">
          <params>
            <param index="0">
              <value>
                <![CDATA[tv]]>
              </value>
            </param>
            <param index="1">
              <value>
                <![CDATA[1396]]>
              </value>
            </param>
            <param index="2">
              <value>
                <![CDATA[true]]>
              </value>
            </param>
          </params>
          <reporter-output>
          </reporter-output>
        </test-method> <!-- testFavorites -->
        <test-method signature="testFavorites(java.lang.String,int,boolean)[pri:0, instance:testcases.accountApiTest.FavoritesTest@fd0e5b6]" started-at="2025-09-19T20:00:30 IST" name="testFavorites" data-provider="favoriteMovies" finished-at="2025-09-19T20:00:31 IST" duration-ms="995" status="PASS">
          <params>
            <param index="0">
              <value>
                <![CDATA[tv]]>
              </value>
            </param>
            <param index="1">
              <value>
                <![CDATA[1429]]>
              </value>
            </param>
            <param index="2">
              <value>
                <![CDATA[true]]>
              </value>
            </param>
          </params>
          <reporter-output>
          </reporter-output>
        </test-method> <!-- testFavorites -->
        <test-method is-config="true" signature="teardown()[pri:0, instance:testcases.accountApiTest.FavoritesTest@fd0e5b6]" started-at="2025-09-19T20:00:31 IST" name="teardown" finished-at="2025-09-19T20:00:32 IST" duration-ms="992" status="PASS">
          <reporter-output>
          </reporter-output>
        </test-method> <!-- teardown -->
      </class> <!-- testcases.accountApiTest.FavoritesTest -->
    </test> <!-- Default test -->
  </suite> <!-- Default suite -->
</testng-results>
